Using pre-set license
Built from '2020.3/staging' branch; Version is '2020.3.30f1 (1fb1bf06830e) revision 2077119'; Using compiler version '192528614'; Build Type 'Release'
OS: 'Windows 10  (10.0.19044) 64bit Professional' Language: 'tr' Physical Memory: 16238 MB
BatchMode: 1, IsHumanControllingUs: 0, StartBugReporterOnCrash: 0, Is64bit: 1, IsPro: 0

COMMAND LINE ARGUMENTS:
C:\Program Files\Unity\Hub\Editor\2020.3.30f1\Editor\Unity.exe
-adb2
-batchMode
-noUpm
-name
AssetImportWorker0
-projectPath
C:/Users/BNQ/UnityProjects/Oyun Dünyam
-logFile
Logs/AssetImportWorker0.log
-srvPort
62420
Successfully changed project path to: C:/Users/BNQ/UnityProjects/Oyun Dünyam
C:/Users/BNQ/UnityProjects/Oyun Dünyam
Using Asset Import Pipeline V2.
Refreshing native plugins compatible for Editor in 47.28 ms, found 3 plugins.
Preloading 0 native plugins for Editor in 0.00 ms.
Initialize engine version: 2020.3.30f1 (1fb1bf06830e)
[Subsystems] Discovering subsystems at path C:/Program Files/Unity/Hub/Editor/2020.3.30f1/Editor/Data/Resources/UnitySubsystems
[Subsystems] Discovering subsystems at path C:/Users/BNQ/UnityProjects/Oyun Dünyam/Assets
GfxDevice: creating device client; threaded=0
Direct3D:
    Version:  Direct3D 11.0 [level 11.1]
    Renderer: NVIDIA GeForce GTX 1050 (ID=0x1c91)
    Vendor:   
    VRAM:     2996 MB
    Driver:   30.0.15.1179
Initialize mono
Mono path[0] = 'C:/Program Files/Unity/Hub/Editor/2020.3.30f1/Editor/Data/Managed'
Mono path[1] = 'C:/Program Files/Unity/Hub/Editor/2020.3.30f1/Editor/Data/MonoBleedingEdge/lib/mono/unityjit'
Mono config path = 'C:/Program Files/Unity/Hub/Editor/2020.3.30f1/Editor/Data/MonoBleedingEdge/etc'
Using monoOptions --debugger-agent=transport=dt_socket,embedding=1,server=y,suspend=n,address=127.0.0.1:56360
Begin MonoManager ReloadAssembly
Registering precompiled unity dll's ...
Register platform support module: C:/Program Files/Unity/Hub/Editor/2020.3.30f1/Editor/Data/PlaybackEngines/WindowsStandaloneSupport/UnityEditor.WindowsStandalone.Extensions.dll
Registered in 0.001657 seconds.
Native extension for WindowsStandalone target not found
Refreshing native plugins compatible for Editor in 46.50 ms, found 3 plugins.
Preloading 0 native plugins for Editor in 0.00 ms.
Mono: successfully reloaded assembly
- Completed reload, in  0.517 seconds
Domain Reload Profiling:
	ReloadAssembly (517ms)
		BeginReloadAssembly (54ms)
			ExecutionOrderSort (0ms)
			DisableScriptedObjects (0ms)
			BackupInstance (0ms)
			ReleaseScriptingObjects (0ms)
			CreateAndSetChildDomain (1ms)
		EndReloadAssembly (404ms)
			LoadAssemblies (52ms)
			RebuildTransferFunctionScriptingTraits (0ms)
			SetupTypeCache (125ms)
			ReleaseScriptCaches (0ms)
			RebuildScriptCaches (27ms)
			SetupLoadedEditorAssemblies (162ms)
				LogAssemblyErrors (0ms)
				InitializePlatformSupportModulesInManaged (3ms)
				SetLoadedEditorAssemblies (0ms)
				RefreshPlugins (47ms)
				BeforeProcessingInitializeOnLoad (13ms)
				ProcessInitializeOnLoadAttributes (75ms)
				ProcessInitializeOnLoadMethodAttributes (24ms)
				AfterProcessingInitializeOnLoad (0ms)
				EditorAssembliesLoaded (0ms)
			ExecutionOrderSort2 (0ms)
			AwakeInstancesAfterBackupRestoration (0ms)
Platform modules already initialized, skipping
Registering precompiled user dll's ...
Registered in 0.002880 seconds.
Begin MonoManager ReloadAssembly
Native extension for WindowsStandalone target not found
Refreshing native plugins compatible for Editor in 45.85 ms, found 3 plugins.
Preloading 0 native plugins for Editor in 0.00 ms.
Mono: successfully reloaded assembly
- Completed reload, in  1.000 seconds
Domain Reload Profiling:
	ReloadAssembly (1000ms)
		BeginReloadAssembly (129ms)
			ExecutionOrderSort (0ms)
			DisableScriptedObjects (5ms)
			BackupInstance (0ms)
			ReleaseScriptingObjects (0ms)
			CreateAndSetChildDomain (16ms)
		EndReloadAssembly (818ms)
			LoadAssemblies (86ms)
			RebuildTransferFunctionScriptingTraits (0ms)
			SetupTypeCache (248ms)
			ReleaseScriptCaches (0ms)
			RebuildScriptCaches (44ms)
			SetupLoadedEditorAssemblies (330ms)
				LogAssemblyErrors (0ms)
				InitializePlatformSupportModulesInManaged (2ms)
				SetLoadedEditorAssemblies (0ms)
				RefreshPlugins (46ms)
				BeforeProcessingInitializeOnLoad (72ms)
				ProcessInitializeOnLoadAttributes (191ms)
				ProcessInitializeOnLoadMethodAttributes (14ms)
				AfterProcessingInitializeOnLoad (5ms)
				EditorAssembliesLoaded (0ms)
			ExecutionOrderSort2 (0ms)
			AwakeInstancesAfterBackupRestoration (6ms)
Platform modules already initialized, skipping
========================================================================
Worker process is ready to serve import requests
Launched and connected shader compiler UnityShaderCompiler.exe after 0.05 seconds
Refreshing native plugins compatible for Editor in 0.49 ms, found 3 plugins.
Preloading 0 native plugins for Editor in 0.00 ms.
Unloading 2296 Unused Serialized files (Serialized files now loaded: 0)
System memory in use before: 104.9 MB.
System memory in use after: 104.9 MB.

Unloading 31 unused Assets to reduce memory usage. Loaded Objects now: 2729.
Total: 2.773500 ms (FindLiveObjects: 0.154300 ms CreateObjectMapping: 0.099200 ms MarkObjects: 2.403300 ms  DeleteObjects: 0.116300 ms)

AssetImportParameters requested are different than current active one (requested -> active):
  custom:framework-win-MediaFoundation: 216162199b28c13a410421893ffa2e32 -> 
  custom:video-decoder-ogg-theora: a1e56fd34408186e4bbccfd4996cb3dc -> 
  custom:container-muxer-webm: aa71ff27fc2769a1b78a27578f13a17b -> 
  custom:container-demuxer-webm: 4f35f7cbe854078d1ac9338744f61a02 -> 
  custom:container-demuxer-ogg: 62fdf1f143b41e24485cea50d1cbac27 -> 
  custom:video-encoder-webm-vp8: eb34c28f22e8b96e1ab97ce403110664 -> 
  custom:video-decoder-webm-vp8: 9c59270c3fd7afecdb556c50c9e8de78 -> 
  custom:audio-decoder-ogg-vorbis: bf7c407c2cedff20999df2af8eb42d56 -> 
  custom:audio-encoder-webm-vorbis: bf7c407c2cedff20999df2af8eb42d56 -> 
========================================================================
Received Import Request.
  path: Assets/3-Card/Scenes/sahne_kart.unity
  artifactKey: Guid(46028b93796ab29498abce527ce88e26) Importer(815301076,1909f56bfc062723c751e8b465ee728b)
Start importing Assets/3-Card/Scenes/sahne_kart.unity using Guid(46028b93796ab29498abce527ce88e26) Importer(815301076,1909f56bfc062723c751e8b465ee728b)  -> (artifact id: '3074d5c76fdae26dcbbb26744e84ec52') in 0.011035 seconds 
========================================================================
Received Prepare
Registering precompiled user dll's ...
Registered in 0.002617 seconds.
Begin MonoManager ReloadAssembly
Native extension for WindowsStandalone target not found
Refreshing native plugins compatible for Editor in 0.48 ms, found 3 plugins.
Preloading 0 native plugins for Editor in 0.00 ms.
Mono: successfully reloaded assembly
- Completed reload, in  0.895 seconds
Domain Reload Profiling:
	ReloadAssembly (895ms)
		BeginReloadAssembly (108ms)
			ExecutionOrderSort (0ms)
			DisableScriptedObjects (5ms)
			BackupInstance (0ms)
			ReleaseScriptingObjects (0ms)
			CreateAndSetChildDomain (32ms)
		EndReloadAssembly (734ms)
			LoadAssemblies (87ms)
			RebuildTransferFunctionScriptingTraits (0ms)
			SetupTypeCache (243ms)
			ReleaseScriptCaches (1ms)
			RebuildScriptCaches (35ms)
			SetupLoadedEditorAssemblies (287ms)
				LogAssemblyErrors (0ms)
				InitializePlatformSupportModulesInManaged (4ms)
				SetLoadedEditorAssemblies (0ms)
				RefreshPlugins (1ms)
				BeforeProcessingInitializeOnLoad (75ms)
				ProcessInitializeOnLoadAttributes (192ms)
				ProcessInitializeOnLoadMethodAttributes (10ms)
				AfterProcessingInitializeOnLoad (6ms)
				EditorAssembliesLoaded (0ms)
			ExecutionOrderSort2 (0ms)
			AwakeInstancesAfterBackupRestoration (8ms)
Platform modules already initialized, skipping
Refreshing native plugins compatible for Editor in 0.49 ms, found 3 plugins.
Preloading 0 native plugins for Editor in 0.00 ms.
Unloading 2252 Unused Serialized files (Serialized files now loaded: 0)
System memory in use before: 101.0 MB.
System memory in use after: 101.1 MB.

Unloading 20 unused Assets to reduce memory usage. Loaded Objects now: 2731.
Total: 2.555700 ms (FindLiveObjects: 0.153500 ms CreateObjectMapping: 0.082500 ms MarkObjects: 2.216200 ms  DeleteObjects: 0.102900 ms)

AssetImportParameters requested are different than current active one (requested -> active):
  custom:framework-win-MediaFoundation: 216162199b28c13a410421893ffa2e32 -> 
  custom:video-decoder-ogg-theora: a1e56fd34408186e4bbccfd4996cb3dc -> 
  custom:container-muxer-webm: aa71ff27fc2769a1b78a27578f13a17b -> 
  custom:container-demuxer-webm: 4f35f7cbe854078d1ac9338744f61a02 -> 
  custom:container-demuxer-ogg: 62fdf1f143b41e24485cea50d1cbac27 -> 
  custom:video-encoder-webm-vp8: eb34c28f22e8b96e1ab97ce403110664 -> 
  custom:video-decoder-webm-vp8: 9c59270c3fd7afecdb556c50c9e8de78 -> 
  custom:audio-decoder-ogg-vorbis: bf7c407c2cedff20999df2af8eb42d56 -> 
  custom:audio-encoder-webm-vorbis: bf7c407c2cedff20999df2af8eb42d56 -> 
========================================================================
Received Prepare
Registering precompiled user dll's ...
Registered in 0.002656 seconds.
Begin MonoManager ReloadAssembly
Native extension for WindowsStandalone target not found
Refreshing native plugins compatible for Editor in 0.49 ms, found 3 plugins.
Preloading 0 native plugins for Editor in 0.00 ms.
Mono: successfully reloaded assembly
- Completed reload, in  0.893 seconds
Domain Reload Profiling:
	ReloadAssembly (893ms)
		BeginReloadAssembly (103ms)
			ExecutionOrderSort (0ms)
			DisableScriptedObjects (5ms)
			BackupInstance (0ms)
			ReleaseScriptingObjects (0ms)
			CreateAndSetChildDomain (29ms)
		EndReloadAssembly (738ms)
			LoadAssemblies (84ms)
			RebuildTransferFunctionScriptingTraits (0ms)
			SetupTypeCache (279ms)
			ReleaseScriptCaches (1ms)
			RebuildScriptCaches (37ms)
			SetupLoadedEditorAssemblies (257ms)
				LogAssemblyErrors (0ms)
				InitializePlatformSupportModulesInManaged (4ms)
				SetLoadedEditorAssemblies (0ms)
				RefreshPlugins (1ms)
				BeforeProcessingInitializeOnLoad (73ms)
				ProcessInitializeOnLoadAttributes (164ms)
				ProcessInitializeOnLoadMethodAttributes (9ms)
				AfterProcessingInitializeOnLoad (6ms)
				EditorAssembliesLoaded (0ms)
			ExecutionOrderSort2 (0ms)
			AwakeInstancesAfterBackupRestoration (7ms)
Platform modules already initialized, skipping
Refreshing native plugins compatible for Editor in 0.48 ms, found 3 plugins.
Preloading 0 native plugins for Editor in 0.00 ms.
Unloading 2252 Unused Serialized files (Serialized files now loaded: 0)
System memory in use before: 101.1 MB.
System memory in use after: 101.1 MB.

Unloading 20 unused Assets to reduce memory usage. Loaded Objects now: 2733.
Total: 2.932600 ms (FindLiveObjects: 0.173200 ms CreateObjectMapping: 0.083600 ms MarkObjects: 2.576200 ms  DeleteObjects: 0.099000 ms)

AssetImportParameters requested are different than current active one (requested -> active):
  custom:framework-win-MediaFoundation: 216162199b28c13a410421893ffa2e32 -> 
  custom:video-decoder-ogg-theora: a1e56fd34408186e4bbccfd4996cb3dc -> 
  custom:container-muxer-webm: aa71ff27fc2769a1b78a27578f13a17b -> 
  custom:container-demuxer-webm: 4f35f7cbe854078d1ac9338744f61a02 -> 
  custom:container-demuxer-ogg: 62fdf1f143b41e24485cea50d1cbac27 -> 
  custom:video-encoder-webm-vp8: eb34c28f22e8b96e1ab97ce403110664 -> 
  custom:video-decoder-webm-vp8: 9c59270c3fd7afecdb556c50c9e8de78 -> 
  custom:audio-decoder-ogg-vorbis: bf7c407c2cedff20999df2af8eb42d56 -> 
  custom:audio-encoder-webm-vorbis: bf7c407c2cedff20999df2af8eb42d56 -> 
========================================================================
Received Import Request.
  Time since last request: 598.411665 seconds.
  path: Assets/4-Araba/Scenes/Level_esya
  artifactKey: Guid(7d5bbaa9acaa84747a714e4ce8d94ab4) Importer(815301076,1909f56bfc062723c751e8b465ee728b)
Start importing Assets/4-Araba/Scenes/Level_esya using Guid(7d5bbaa9acaa84747a714e4ce8d94ab4) Importer(815301076,1909f56bfc062723c751e8b465ee728b)  -> (artifact id: '7ade07e0e796582b03f1cbacf1127a2a') in 0.006071 seconds 
========================================================================
Received Import Request.
  Time since last request: 94.987930 seconds.
  path: Assets/4-Araba/Scenes/Level_giysi.unity
  artifactKey: Guid(03c13077f3a8f4749939ede8bb9f5a61) Importer(815301076,1909f56bfc062723c751e8b465ee728b)
Start importing Assets/4-Araba/Scenes/Level_giysi.unity using Guid(03c13077f3a8f4749939ede8bb9f5a61) Importer(815301076,1909f56bfc062723c751e8b465ee728b)  -> (artifact id: 'f3281355587e876ebaff8f701b899184') in 0.031188 seconds 
========================================================================
Received Prepare
Registering precompiled user dll's ...
Registered in 0.002644 seconds.
Begin MonoManager ReloadAssembly
Native extension for WindowsStandalone target not found
Refreshing native plugins compatible for Editor in 0.48 ms, found 3 plugins.
Preloading 0 native plugins for Editor in 0.00 ms.
Mono: successfully reloaded assembly
- Completed reload, in  0.884 seconds
Domain Reload Profiling:
	ReloadAssembly (884ms)
		BeginReloadAssembly (113ms)
			ExecutionOrderSort (0ms)
			DisableScriptedObjects (6ms)
			BackupInstance (0ms)
			ReleaseScriptingObjects (0ms)
			CreateAndSetChildDomain (30ms)
		EndReloadAssembly (716ms)
			LoadAssemblies (94ms)
			RebuildTransferFunctionScriptingTraits (0ms)
			SetupTypeCache (247ms)
			ReleaseScriptCaches (1ms)
			RebuildScriptCaches (36ms)
			SetupLoadedEditorAssemblies (266ms)
				LogAssemblyErrors (0ms)
				InitializePlatformSupportModulesInManaged (4ms)
				SetLoadedEditorAssemblies (0ms)
				RefreshPlugins (1ms)
				BeforeProcessingInitializeOnLoad (80ms)
				ProcessInitializeOnLoadAttributes (166ms)
				ProcessInitializeOnLoadMethodAttributes (10ms)
				AfterProcessingInitializeOnLoad (6ms)
				EditorAssembliesLoaded (0ms)
			ExecutionOrderSort2 (0ms)
			AwakeInstancesAfterBackupRestoration (8ms)
Platform modules already initialized, skipping
Refreshing native plugins compatible for Editor in 0.49 ms, found 3 plugins.
Preloading 0 native plugins for Editor in 0.00 ms.
Unloading 2252 Unused Serialized files (Serialized files now loaded: 0)
System memory in use before: 101.1 MB.
System memory in use after: 101.2 MB.

Unloading 20 unused Assets to reduce memory usage. Loaded Objects now: 2735.
Total: 2.820700 ms (FindLiveObjects: 0.158100 ms CreateObjectMapping: 0.079700 ms MarkObjects: 2.483600 ms  DeleteObjects: 0.098600 ms)

AssetImportParameters requested are different than current active one (requested -> active):
  custom:framework-win-MediaFoundation: 216162199b28c13a410421893ffa2e32 -> 
  custom:video-decoder-ogg-theora: a1e56fd34408186e4bbccfd4996cb3dc -> 
  custom:container-muxer-webm: aa71ff27fc2769a1b78a27578f13a17b -> 
  custom:container-demuxer-webm: 4f35f7cbe854078d1ac9338744f61a02 -> 
  custom:container-demuxer-ogg: 62fdf1f143b41e24485cea50d1cbac27 -> 
  custom:video-encoder-webm-vp8: eb34c28f22e8b96e1ab97ce403110664 -> 
  custom:video-decoder-webm-vp8: 9c59270c3fd7afecdb556c50c9e8de78 -> 
  custom:audio-decoder-ogg-vorbis: bf7c407c2cedff20999df2af8eb42d56 -> 
  custom:audio-encoder-webm-vorbis: bf7c407c2cedff20999df2af8eb42d56 -> 
========================================================================
Received Import Request.
  Time since last request: 5.793869 seconds.
  path: Assets/4-Araba/Scenes/Level_hayvan.unity
  artifactKey: Guid(33ebbb62198173949be295e9eed6bda8) Importer(815301076,1909f56bfc062723c751e8b465ee728b)
Start importing Assets/4-Araba/Scenes/Level_hayvan.unity using Guid(33ebbb62198173949be295e9eed6bda8) Importer(815301076,1909f56bfc062723c751e8b465ee728b)  -> (artifact id: 'e6a6a20628f41135c65919d62b0298c5') in 0.020287 seconds 
========================================================================
Received Import Request.
  Time since last request: 4.926834 seconds.
  path: Assets/4-Araba/Scenes/Level_mekan.unity
  artifactKey: Guid(d702dfe9a0d6cc74e91c79c549d7aafd) Importer(815301076,1909f56bfc062723c751e8b465ee728b)
Start importing Assets/4-Araba/Scenes/Level_mekan.unity using Guid(d702dfe9a0d6cc74e91c79c549d7aafd) Importer(815301076,1909f56bfc062723c751e8b465ee728b)  -> (artifact id: 'f2295aa8a8986b811423cfa6ea7f4612') in 0.002921 seconds 
========================================================================
Received Import Request.
  Time since last request: 5.700965 seconds.
  path: Assets/4-Araba/Scenes/Level_meyve.unity
  artifactKey: Guid(0b4b641b54e07c44da088c69f81c7906) Importer(815301076,1909f56bfc062723c751e8b465ee728b)
Start importing Assets/4-Araba/Scenes/Level_meyve.unity using Guid(0b4b641b54e07c44da088c69f81c7906) Importer(815301076,1909f56bfc062723c751e8b465ee728b)  -> (artifact id: '1162cd1d045636738f063174d486e866') in 0.002668 seconds 
========================================================================
Received Prepare
Registering precompiled user dll's ...
Registered in 0.003257 seconds.
Begin MonoManager ReloadAssembly
Native extension for WindowsStandalone target not found
Refreshing native plugins compatible for Editor in 0.61 ms, found 3 plugins.
Preloading 0 native plugins for Editor in 0.00 ms.
Mono: successfully reloaded assembly
- Completed reload, in  0.961 seconds
Domain Reload Profiling:
	ReloadAssembly (962ms)
		BeginReloadAssembly (111ms)
			ExecutionOrderSort (0ms)
			DisableScriptedObjects (6ms)
			BackupInstance (0ms)
			ReleaseScriptingObjects (0ms)
			CreateAndSetChildDomain (33ms)
		EndReloadAssembly (791ms)
			LoadAssemblies (93ms)
			RebuildTransferFunctionScriptingTraits (0ms)
			SetupTypeCache (277ms)
			ReleaseScriptCaches (1ms)
			RebuildScriptCaches (41ms)
			SetupLoadedEditorAssemblies (292ms)
				LogAssemblyErrors (0ms)
				InitializePlatformSupportModulesInManaged (5ms)
				SetLoadedEditorAssemblies (0ms)
				RefreshPlugins (1ms)
				BeforeProcessingInitializeOnLoad (81ms)
				ProcessInitializeOnLoadAttributes (186ms)
				ProcessInitializeOnLoadMethodAttributes (11ms)
				AfterProcessingInitializeOnLoad (7ms)
				EditorAssembliesLoaded (0ms)
			ExecutionOrderSort2 (0ms)
			AwakeInstancesAfterBackupRestoration (9ms)
Platform modules already initialized, skipping
Refreshing native plugins compatible for Editor in 0.51 ms, found 3 plugins.
Preloading 0 native plugins for Editor in 0.00 ms.
Unloading 2252 Unused Serialized files (Serialized files now loaded: 0)
System memory in use before: 101.2 MB.
System memory in use after: 101.2 MB.

Unloading 20 unused Assets to reduce memory usage. Loaded Objects now: 2737.
Total: 3.180900 ms (FindLiveObjects: 0.215700 ms CreateObjectMapping: 0.145700 ms MarkObjects: 2.702800 ms  DeleteObjects: 0.115400 ms)

AssetImportParameters requested are different than current active one (requested -> active):
  custom:framework-win-MediaFoundation: 216162199b28c13a410421893ffa2e32 -> 
  custom:video-decoder-ogg-theora: a1e56fd34408186e4bbccfd4996cb3dc -> 
  custom:container-muxer-webm: aa71ff27fc2769a1b78a27578f13a17b -> 
  custom:container-demuxer-webm: 4f35f7cbe854078d1ac9338744f61a02 -> 
  custom:container-demuxer-ogg: 62fdf1f143b41e24485cea50d1cbac27 -> 
  custom:video-encoder-webm-vp8: eb34c28f22e8b96e1ab97ce403110664 -> 
  custom:video-decoder-webm-vp8: 9c59270c3fd7afecdb556c50c9e8de78 -> 
  custom:audio-decoder-ogg-vorbis: bf7c407c2cedff20999df2af8eb42d56 -> 
  custom:audio-encoder-webm-vorbis: bf7c407c2cedff20999df2af8eb42d56 -> 
========================================================================
Received Import Request.
  Time since last request: 124.153808 seconds.
  path: Assets/4-Araba/Scenes/Level_esya.unity
  artifactKey: Guid(a51e9406562fbe44db6cb356e717ee7e) Importer(815301076,1909f56bfc062723c751e8b465ee728b)
Start importing Assets/4-Araba/Scenes/Level_esya.unity using Guid(a51e9406562fbe44db6cb356e717ee7e) Importer(815301076,1909f56bfc062723c751e8b465ee728b)  -> (artifact id: '5f7c9881a9bcb51449e9679af07dc383') in 0.014157 seconds 
========================================================================
Received Import Request.
  Time since last request: 17.025233 seconds.
  path: Assets/3-Card/Scenes/sahne_kart.unity
  artifactKey: Guid(46028b93796ab29498abce527ce88e26) Importer(815301076,1909f56bfc062723c751e8b465ee728b)
Start importing Assets/3-Card/Scenes/sahne_kart.unity using Guid(46028b93796ab29498abce527ce88e26) Importer(815301076,1909f56bfc062723c751e8b465ee728b)  -> (artifact id: '027a60954e10f199f6e28e2ce98e4cd8') in 0.002293 seconds 
========================================================================
Received Import Request.
  Time since last request: 295.873749 seconds.
  path: Assets/3-Card/image/eşya.jpg
  artifactKey: Guid(c28120e6deb4a5c4498a2d11b4d340bd) Importer(815301076,1909f56bfc062723c751e8b465ee728b)
Start importing Assets/3-Card/image/eşya.jpg using Guid(c28120e6deb4a5c4498a2d11b4d340bd) Importer(815301076,1909f56bfc062723c751e8b465ee728b)  -> (artifact id: '09975999385426f17f4693bb736207d1') in 0.129096 seconds 
========================================================================
Received Import Request.
  Time since last request: 0.000274 seconds.
  path: Assets/3-Card/image/giysi.jpg
  artifactKey: Guid(421284ef25e081344bbb8b87a7d6ff78) Importer(815301076,1909f56bfc062723c751e8b465ee728b)
Start importing Assets/3-Card/image/giysi.jpg using Guid(421284ef25e081344bbb8b87a7d6ff78) Importer(815301076,1909f56bfc062723c751e8b465ee728b)  -> (artifact id: '1574c313f2029269bb5c73c5b83ec3ae') in 0.016091 seconds 
========================================================================
Received Import Request.
  Time since last request: 0.000300 seconds.
  path: Assets/3-Card/image/hayvan.jpg
  artifactKey: Guid(356c636bba3bdac4b9782267771991d6) Importer(815301076,1909f56bfc062723c751e8b465ee728b)
Start importing Assets/3-Card/image/hayvan.jpg using Guid(356c636bba3bdac4b9782267771991d6) Importer(815301076,1909f56bfc062723c751e8b465ee728b)  -> (artifact id: 'bb63607d22091543d78fabb20a0dc089') in 0.017545 seconds 
========================================================================
Received Import Request.
  Time since last request: 2.265443 seconds.
  path: Assets/3-Card/image
  artifactKey: Guid(52ab50abda822fa4fa2154c9be9a8458) Importer(815301076,1909f56bfc062723c751e8b465ee728b)
Start importing Assets/3-Card/image using Guid(52ab50abda822fa4fa2154c9be9a8458) Importer(815301076,1909f56bfc062723c751e8b465ee728b)  -> (artifact id: '8544c716512f493362f378c648c1a19a') in 0.002919 seconds 
========================================================================
Received Import Request.
  Time since last request: 567.980454 seconds.
  path: Assets/3-Card/image/hepsi.jpg
  artifactKey: Guid(ed004318e870b3e49b2f5068844353af) Importer(815301076,1909f56bfc062723c751e8b465ee728b)
Start importing Assets/3-Card/image/hepsi.jpg using Guid(ed004318e870b3e49b2f5068844353af) Importer(815301076,1909f56bfc062723c751e8b465ee728b)  -> (artifact id: '6821e612a0aafa5bcf14992cea5d8aaa') in 0.024248 seconds 
========================================================================
Received Import Request.
  Time since last request: 101.900934 seconds.
  path: Assets/3-Card/image/hepsi.jpg
  artifactKey: Guid(ed004318e870b3e49b2f5068844353af) Importer(815301076,1909f56bfc062723c751e8b465ee728b)
Start importing Assets/3-Card/image/hepsi.jpg using Guid(ed004318e870b3e49b2f5068844353af) Importer(815301076,1909f56bfc062723c751e8b465ee728b)  -> (artifact id: '92d1726f27d4303d7a3dbbd518e55955') in 0.042777 seconds 
========================================================================
Received Prepare
Registering precompiled user dll's ...
Registered in 0.002623 seconds.
Begin MonoManager ReloadAssembly
Native extension for WindowsStandalone target not found
Refreshing native plugins compatible for Editor in 0.50 ms, found 3 plugins.
Preloading 0 native plugins for Editor in 0.00 ms.
Mono: successfully reloaded assembly
- Completed reload, in  0.876 seconds
Domain Reload Profiling:
	ReloadAssembly (876ms)
		BeginReloadAssembly (107ms)
			ExecutionOrderSort (0ms)
			DisableScriptedObjects (6ms)
			BackupInstance (0ms)
			ReleaseScriptingObjects (0ms)
			CreateAndSetChildDomain (32ms)
		EndReloadAssembly (715ms)
			LoadAssemblies (85ms)
			RebuildTransferFunctionScriptingTraits (0ms)
			SetupTypeCache (245ms)
			ReleaseScriptCaches (1ms)
			RebuildScriptCaches (37ms)
			SetupLoadedEditorAssemblies (259ms)
				LogAssemblyErrors (0ms)
				InitializePlatformSupportModulesInManaged (4ms)
				SetLoadedEditorAssemblies (0ms)
				RefreshPlugins (1ms)
				BeforeProcessingInitializeOnLoad (76ms)
				ProcessInitializeOnLoadAttributes (163ms)
				ProcessInitializeOnLoadMethodAttributes (10ms)
				AfterProcessingInitializeOnLoad (5ms)
				EditorAssembliesLoaded (0ms)
			ExecutionOrderSort2 (0ms)
			AwakeInstancesAfterBackupRestoration (7ms)
Platform modules already initialized, skipping
Refreshing native plugins compatible for Editor in 0.49 ms, found 3 plugins.
Preloading 0 native plugins for Editor in 0.00 ms.
Unloading 2252 Unused Serialized files (Serialized files now loaded: 0)
System memory in use before: 104.1 MB.
System memory in use after: 104.1 MB.

Unloading 20 unused Assets to reduce memory usage. Loaded Objects now: 2747.
Total: 2.594500 ms (FindLiveObjects: 0.168400 ms CreateObjectMapping: 0.094900 ms MarkObjects: 2.232400 ms  DeleteObjects: 0.098200 ms)

AssetImportParameters requested are different than current active one (requested -> active):
  custom:framework-win-MediaFoundation: 216162199b28c13a410421893ffa2e32 -> 
  custom:video-decoder-ogg-theora: a1e56fd34408186e4bbccfd4996cb3dc -> 
  custom:container-muxer-webm: aa71ff27fc2769a1b78a27578f13a17b -> 
  custom:container-demuxer-webm: 4f35f7cbe854078d1ac9338744f61a02 -> 
  custom:container-demuxer-ogg: 62fdf1f143b41e24485cea50d1cbac27 -> 
  custom:video-encoder-webm-vp8: eb34c28f22e8b96e1ab97ce403110664 -> 
  custom:video-decoder-webm-vp8: 9c59270c3fd7afecdb556c50c9e8de78 -> 
  custom:audio-decoder-ogg-vorbis: bf7c407c2cedff20999df2af8eb42d56 -> 
  custom:audio-encoder-webm-vorbis: bf7c407c2cedff20999df2af8eb42d56 -> 
========================================================================
Received Import Request.
  Time since last request: 197.887779 seconds.
  path: Assets/3-Card/Controller.cs
  artifactKey: Guid(c4f0f89d94036f64ea04f74ab4e76612) Importer(815301076,1909f56bfc062723c751e8b465ee728b)
Start importing Assets/3-Card/Controller.cs using Guid(c4f0f89d94036f64ea04f74ab4e76612) Importer(815301076,1909f56bfc062723c751e8b465ee728b)  -> (artifact id: '2dfddb9d53a4d8ca92873de18a24911e') in 0.007487 seconds 
========================================================================
Received Import Request.
  Time since last request: 153.184591 seconds.
  path: Assets/5-harf/Scripts/GameCtrl.cs
  artifactKey: Guid(703ffd0421b49a048a83e427c389d53f) Importer(815301076,1909f56bfc062723c751e8b465ee728b)
Start importing Assets/5-harf/Scripts/GameCtrl.cs using Guid(703ffd0421b49a048a83e427c389d53f) Importer(815301076,1909f56bfc062723c751e8b465ee728b)  -> (artifact id: '748b6b3062a7b7fd16f31bfed700dbd9') in 0.001418 seconds 
========================================================================
Received Import Request.
  Time since last request: 345.463440 seconds.
  path: Assets/5-harf/Scripts/GameCtrl.cs
  artifactKey: Guid(703ffd0421b49a048a83e427c389d53f) Importer(815301076,1909f56bfc062723c751e8b465ee728b)
Start importing Assets/5-harf/Scripts/GameCtrl.cs using Guid(703ffd0421b49a048a83e427c389d53f) Importer(815301076,1909f56bfc062723c751e8b465ee728b)  -> (artifact id: 'e02e38ef47f791587662150dec1b020f') in 0.001979 seconds 
========================================================================
Received Prepare
Registering precompiled user dll's ...
Registered in 0.002729 seconds.
Begin MonoManager ReloadAssembly
Native extension for WindowsStandalone target not found
Refreshing native plugins compatible for Editor in 0.47 ms, found 3 plugins.
Preloading 0 native plugins for Editor in 0.00 ms.
Mono: successfully reloaded assembly
- Completed reload, in  0.862 seconds
Domain Reload Profiling:
	ReloadAssembly (863ms)
		BeginReloadAssembly (104ms)
			ExecutionOrderSort (0ms)
			DisableScriptedObjects (6ms)
			BackupInstance (0ms)
			ReleaseScriptingObjects (0ms)
			CreateAndSetChildDomain (31ms)
		EndReloadAssembly (705ms)
			LoadAssemblies (89ms)
			RebuildTransferFunctionScriptingTraits (0ms)
			SetupTypeCache (241ms)
			ReleaseScriptCaches (1ms)
			RebuildScriptCaches (36ms)
			SetupLoadedEditorAssemblies (259ms)
				LogAssemblyErrors (0ms)
				InitializePlatformSupportModulesInManaged (4ms)
				SetLoadedEditorAssemblies (0ms)
				RefreshPlugins (1ms)
				BeforeProcessingInitializeOnLoad (71ms)
				ProcessInitializeOnLoadAttributes (168ms)
				ProcessInitializeOnLoadMethodAttributes (9ms)
				AfterProcessingInitializeOnLoad (6ms)
				EditorAssembliesLoaded (0ms)
			ExecutionOrderSort2 (0ms)
			AwakeInstancesAfterBackupRestoration (7ms)
Platform modules already initialized, skipping
Refreshing native plugins compatible for Editor in 0.49 ms, found 3 plugins.
Preloading 0 native plugins for Editor in 0.00 ms.
Unloading 2252 Unused Serialized files (Serialized files now loaded: 0)
System memory in use before: 104.2 MB.
System memory in use after: 104.2 MB.

Unloading 20 unused Assets to reduce memory usage. Loaded Objects now: 2749.
Total: 2.866300 ms (FindLiveObjects: 0.174900 ms CreateObjectMapping: 0.096900 ms MarkObjects: 2.485400 ms  DeleteObjects: 0.108500 ms)

AssetImportParameters requested are different than current active one (requested -> active):
  custom:framework-win-MediaFoundation: 216162199b28c13a410421893ffa2e32 -> 
  custom:video-decoder-ogg-theora: a1e56fd34408186e4bbccfd4996cb3dc -> 
  custom:container-muxer-webm: aa71ff27fc2769a1b78a27578f13a17b -> 
  custom:container-demuxer-webm: 4f35f7cbe854078d1ac9338744f61a02 -> 
  custom:container-demuxer-ogg: 62fdf1f143b41e24485cea50d1cbac27 -> 
  custom:video-encoder-webm-vp8: eb34c28f22e8b96e1ab97ce403110664 -> 
  custom:video-decoder-webm-vp8: 9c59270c3fd7afecdb556c50c9e8de78 -> 
  custom:audio-decoder-ogg-vorbis: bf7c407c2cedff20999df2af8eb42d56 -> 
  custom:audio-encoder-webm-vorbis: bf7c407c2cedff20999df2af8eb42d56 -> 
========================================================================
Received Import Request.
  Time since last request: 57.235503 seconds.
  path: Assets/3-Card/Scenes/sahne_kart.unity
  artifactKey: Guid(46028b93796ab29498abce527ce88e26) Importer(815301076,1909f56bfc062723c751e8b465ee728b)
Start importing Assets/3-Card/Scenes/sahne_kart.unity using Guid(46028b93796ab29498abce527ce88e26) Importer(815301076,1909f56bfc062723c751e8b465ee728b)  -> (artifact id: '5fdabae7521052cbf8a5e261e5abaa3b') in 0.016928 seconds 
========================================================================
Received Import Request.
  Time since last request: 106.921388 seconds.
  path: Assets/1-Boyama/buton_ayar.cs
  artifactKey: Guid(b86c42ac155909646abf3ce35796e6e9) Importer(815301076,1909f56bfc062723c751e8b465ee728b)
Start importing Assets/1-Boyama/buton_ayar.cs using Guid(b86c42ac155909646abf3ce35796e6e9) Importer(815301076,1909f56bfc062723c751e8b465ee728b)  -> (artifact id: '4a749ce95e2f1e13cb2d8a81aef3b89a') in 0.001777 seconds 
========================================================================
Received Import Request.
  Time since last request: 20.510102 seconds.
  path: Assets/buton_sekil.cs
  artifactKey: Guid(9c5a0033f2842034fb4274523e933de6) Importer(815301076,1909f56bfc062723c751e8b465ee728b)
Start importing Assets/buton_sekil.cs using Guid(9c5a0033f2842034fb4274523e933de6) Importer(815301076,1909f56bfc062723c751e8b465ee728b)  -> (artifact id: '7298bc3048981ea8765e44983eb6046f') in 0.002475 seconds 
========================================================================
Received Prepare
Registering precompiled user dll's ...
Registered in 0.002657 seconds.
Begin MonoManager ReloadAssembly
Native extension for WindowsStandalone target not found
Refreshing native plugins compatible for Editor in 0.48 ms, found 3 plugins.
Preloading 0 native plugins for Editor in 0.00 ms.
Mono: successfully reloaded assembly
- Completed reload, in  0.892 seconds
Domain Reload Profiling:
	ReloadAssembly (892ms)
		BeginReloadAssembly (102ms)
			ExecutionOrderSort (0ms)
			DisableScriptedObjects (5ms)
			BackupInstance (0ms)
			ReleaseScriptingObjects (0ms)
			CreateAndSetChildDomain (29ms)
		EndReloadAssembly (736ms)
			LoadAssemblies (87ms)
			RebuildTransferFunctionScriptingTraits (0ms)
			SetupTypeCache (253ms)
			ReleaseScriptCaches (1ms)
			RebuildScriptCaches (37ms)
			SetupLoadedEditorAssemblies (279ms)
				LogAssemblyErrors (0ms)
				InitializePlatformSupportModulesInManaged (4ms)
				SetLoadedEditorAssemblies (0ms)
				RefreshPlugins (1ms)
				BeforeProcessingInitializeOnLoad (76ms)
				ProcessInitializeOnLoadAttributes (182ms)
				ProcessInitializeOnLoadMethodAttributes (10ms)
				AfterProcessingInitializeOnLoad (6ms)
				EditorAssembliesLoaded (0ms)
			ExecutionOrderSort2 (0ms)
			AwakeInstancesAfterBackupRestoration (8ms)
Platform modules already initialized, skipping
Refreshing native plugins compatible for Editor in 0.49 ms, found 3 plugins.
Preloading 0 native plugins for Editor in 0.00 ms.
Unloading 2252 Unused Serialized files (Serialized files now loaded: 0)
System memory in use before: 104.2 MB.
System memory in use after: 104.2 MB.

Unloading 20 unused Assets to reduce memory usage. Loaded Objects now: 2751.
Total: 2.814600 ms (FindLiveObjects: 0.147200 ms CreateObjectMapping: 0.078300 ms MarkObjects: 2.482100 ms  DeleteObjects: 0.106600 ms)

AssetImportParameters requested are different than current active one (requested -> active):
  custom:framework-win-MediaFoundation: 216162199b28c13a410421893ffa2e32 -> 
  custom:video-decoder-ogg-theora: a1e56fd34408186e4bbccfd4996cb3dc -> 
  custom:container-muxer-webm: aa71ff27fc2769a1b78a27578f13a17b -> 
  custom:container-demuxer-webm: 4f35f7cbe854078d1ac9338744f61a02 -> 
  custom:container-demuxer-ogg: 62fdf1f143b41e24485cea50d1cbac27 -> 
  custom:video-encoder-webm-vp8: eb34c28f22e8b96e1ab97ce403110664 -> 
  custom:video-decoder-webm-vp8: 9c59270c3fd7afecdb556c50c9e8de78 -> 
  custom:audio-decoder-ogg-vorbis: bf7c407c2cedff20999df2af8eb42d56 -> 
  custom:audio-encoder-webm-vorbis: bf7c407c2cedff20999df2af8eb42d56 -> 
========================================================================
Received Import Request.
  Time since last request: 45.933647 seconds.
  path: Assets/sahne_gecis.cs
  artifactKey: Guid(395102497d1c73b40ae57f810ac01313) Importer(815301076,1909f56bfc062723c751e8b465ee728b)
Start importing Assets/sahne_gecis.cs using Guid(395102497d1c73b40ae57f810ac01313) Importer(815301076,1909f56bfc062723c751e8b465ee728b)  -> (artifact id: 'a0e76fe89fe38de77f6e7fbec85f2be0') in 0.004955 seconds 
========================================================================
Received Prepare
Registering precompiled user dll's ...
Registered in 0.002631 seconds.
Begin MonoManager ReloadAssembly
Native extension for WindowsStandalone target not found
Refreshing native plugins compatible for Editor in 0.48 ms, found 3 plugins.
Preloading 0 native plugins for Editor in 0.00 ms.
Mono: successfully reloaded assembly
- Completed reload, in  0.881 seconds
Domain Reload Profiling:
	ReloadAssembly (881ms)
		BeginReloadAssembly (105ms)
			ExecutionOrderSort (0ms)
			DisableScriptedObjects (5ms)
			BackupInstance (0ms)
			ReleaseScriptingObjects (0ms)
			CreateAndSetChildDomain (32ms)
		EndReloadAssembly (723ms)
			LoadAssemblies (84ms)
			RebuildTransferFunctionScriptingTraits (0ms)
			SetupTypeCache (247ms)
			ReleaseScriptCaches (1ms)
			RebuildScriptCaches (37ms)
			SetupLoadedEditorAssemblies (270ms)
				LogAssemblyErrors (0ms)
				InitializePlatformSupportModulesInManaged (4ms)
				SetLoadedEditorAssemblies (1ms)
				RefreshPlugins (1ms)
				BeforeProcessingInitializeOnLoad (76ms)
				ProcessInitializeOnLoadAttributes (172ms)
				ProcessInitializeOnLoadMethodAttributes (10ms)
				AfterProcessingInitializeOnLoad (6ms)
				EditorAssembliesLoaded (0ms)
			ExecutionOrderSort2 (0ms)
			AwakeInstancesAfterBackupRestoration (8ms)
Platform modules already initialized, skipping
Refreshing native plugins compatible for Editor in 0.87 ms, found 3 plugins.
Preloading 0 native plugins for Editor in 0.00 ms.
Unloading 2252 Unused Serialized files (Serialized files now loaded: 0)
System memory in use before: 104.2 MB.
System memory in use after: 104.2 MB.

Unloading 20 unused Assets to reduce memory usage. Loaded Objects now: 2753.
Total: 2.655800 ms (FindLiveObjects: 0.163600 ms CreateObjectMapping: 0.098100 ms MarkObjects: 2.289500 ms  DeleteObjects: 0.103900 ms)

AssetImportParameters requested are different than current active one (requested -> active):
  custom:framework-win-MediaFoundation: 216162199b28c13a410421893ffa2e32 -> 
  custom:video-decoder-ogg-theora: a1e56fd34408186e4bbccfd4996cb3dc -> 
  custom:container-muxer-webm: aa71ff27fc2769a1b78a27578f13a17b -> 
  custom:container-demuxer-webm: 4f35f7cbe854078d1ac9338744f61a02 -> 
  custom:container-demuxer-ogg: 62fdf1f143b41e24485cea50d1cbac27 -> 
  custom:video-encoder-webm-vp8: eb34c28f22e8b96e1ab97ce403110664 -> 
  custom:video-decoder-webm-vp8: 9c59270c3fd7afecdb556c50c9e8de78 -> 
  custom:audio-decoder-ogg-vorbis: bf7c407c2cedff20999df2af8eb42d56 -> 
  custom:audio-encoder-webm-vorbis: bf7c407c2cedff20999df2af8eb42d56 -> 
========================================================================
Received Import Request.
  Time since last request: 91.824300 seconds.
  path: Assets/3-Card/Scenes/sahne_kart.unity
  artifactKey: Guid(46028b93796ab29498abce527ce88e26) Importer(815301076,1909f56bfc062723c751e8b465ee728b)
Start importing Assets/3-Card/Scenes/sahne_kart.unity using Guid(46028b93796ab29498abce527ce88e26) Importer(815301076,1909f56bfc062723c751e8b465ee728b)  -> (artifact id: '6cf65ad8158680bba40a2679024a7e52') in 0.015679 seconds 
========================================================================
Received Import Request.
  Time since last request: 18.988309 seconds.
  path: Assets/2-Kelime/Scenes/sahne_kelime.unity
  artifactKey: Guid(44d38088ccd1f6644a262b893daed5b9) Importer(815301076,1909f56bfc062723c751e8b465ee728b)
Start importing Assets/2-Kelime/Scenes/sahne_kelime.unity using Guid(44d38088ccd1f6644a262b893daed5b9) Importer(815301076,1909f56bfc062723c751e8b465ee728b)  -> (artifact id: 'a3a771b3deff441741942f3fc57b9852') in 0.001607 seconds 
========================================================================
Received Import Request.
  Time since last request: 41.926397 seconds.
  path: Assets/3-Card/Scenes/sahne_kart.unity
  artifactKey: Guid(46028b93796ab29498abce527ce88e26) Importer(815301076,1909f56bfc062723c751e8b465ee728b)
Start importing Assets/3-Card/Scenes/sahne_kart.unity using Guid(46028b93796ab29498abce527ce88e26) Importer(815301076,1909f56bfc062723c751e8b465ee728b)  -> (artifact id: '25959c5ad23c230936dfb9b98ab63b51') in 0.001909 seconds 
========================================================================
Received Import Request.
  Time since last request: 36.936258 seconds.
  path: Assets/5-harf/Scenes/sahne_harf.unity
  artifactKey: Guid(fee34a5090df3634baaf7114228d7c88) Importer(815301076,1909f56bfc062723c751e8b465ee728b)
Start importing Assets/5-harf/Scenes/sahne_harf.unity using Guid(fee34a5090df3634baaf7114228d7c88) Importer(815301076,1909f56bfc062723c751e8b465ee728b)  -> (artifact id: 'b089cd9de3be6cd14a96ae3b9e67d2f8') in 0.001825 seconds 
========================================================================
Received Prepare
Registering precompiled user dll's ...
Registered in 0.002784 seconds.
Begin MonoManager ReloadAssembly
Native extension for WindowsStandalone target not found
Refreshing native plugins compatible for Editor in 0.49 ms, found 3 plugins.
Preloading 0 native plugins for Editor in 0.00 ms.
Mono: successfully reloaded assembly
- Completed reload, in  0.887 seconds
Domain Reload Profiling:
	ReloadAssembly (888ms)
		BeginReloadAssembly (108ms)
			ExecutionOrderSort (0ms)
			DisableScriptedObjects (6ms)
			BackupInstance (0ms)
			ReleaseScriptingObjects (0ms)
			CreateAndSetChildDomain (31ms)
		EndReloadAssembly (726ms)
			LoadAssemblies (88ms)
			RebuildTransferFunctionScriptingTraits (0ms)
			SetupTypeCache (244ms)
			ReleaseScriptCaches (1ms)
			RebuildScriptCaches (39ms)
			SetupLoadedEditorAssemblies (268ms)
				LogAssemblyErrors (0ms)
				InitializePlatformSupportModulesInManaged (4ms)
				SetLoadedEditorAssemblies (0ms)
				RefreshPlugins (1ms)
				BeforeProcessingInitializeOnLoad (82ms)
				ProcessInitializeOnLoadAttributes (165ms)
				ProcessInitializeOnLoadMethodAttributes (10ms)
				AfterProcessingInitializeOnLoad (6ms)
				EditorAssembliesLoaded (0ms)
			ExecutionOrderSort2 (0ms)
			AwakeInstancesAfterBackupRestoration (8ms)
Platform modules already initialized, skipping
Refreshing native plugins compatible for Editor in 0.49 ms, found 3 plugins.
Preloading 0 native plugins for Editor in 0.00 ms.
Unloading 2252 Unused Serialized files (Serialized files now loaded: 0)
System memory in use before: 104.2 MB.
System memory in use after: 104.3 MB.

Unloading 20 unused Assets to reduce memory usage. Loaded Objects now: 2755.
Total: 2.727600 ms (FindLiveObjects: 0.162200 ms CreateObjectMapping: 0.088600 ms MarkObjects: 2.369500 ms  DeleteObjects: 0.106700 ms)

AssetImportParameters requested are different than current active one (requested -> active):
  custom:framework-win-MediaFoundation: 216162199b28c13a410421893ffa2e32 -> 
  custom:video-decoder-ogg-theora: a1e56fd34408186e4bbccfd4996cb3dc -> 
  custom:container-muxer-webm: aa71ff27fc2769a1b78a27578f13a17b -> 
  custom:container-demuxer-webm: 4f35f7cbe854078d1ac9338744f61a02 -> 
  custom:container-demuxer-ogg: 62fdf1f143b41e24485cea50d1cbac27 -> 
  custom:video-encoder-webm-vp8: eb34c28f22e8b96e1ab97ce403110664 -> 
  custom:video-decoder-webm-vp8: 9c59270c3fd7afecdb556c50c9e8de78 -> 
  custom:audio-decoder-ogg-vorbis: bf7c407c2cedff20999df2af8eb42d56 -> 
  custom:audio-encoder-webm-vorbis: bf7c407c2cedff20999df2af8eb42d56 -> 
========================================================================
Received Prepare
Registering precompiled user dll's ...
Registered in 0.002541 seconds.
Begin MonoManager ReloadAssembly
Native extension for WindowsStandalone target not found
Refreshing native plugins compatible for Editor in 0.51 ms, found 3 plugins.
Preloading 0 native plugins for Editor in 0.00 ms.
Mono: successfully reloaded assembly
- Completed reload, in  0.863 seconds
Domain Reload Profiling:
	ReloadAssembly (863ms)
		BeginReloadAssembly (97ms)
			ExecutionOrderSort (0ms)
			DisableScriptedObjects (5ms)
			BackupInstance (0ms)
			ReleaseScriptingObjects (0ms)
			CreateAndSetChildDomain (27ms)
		EndReloadAssembly (708ms)
			LoadAssemblies (80ms)
			RebuildTransferFunctionScriptingTraits (0ms)
			SetupTypeCache (238ms)
			ReleaseScriptCaches (1ms)
			RebuildScriptCaches (37ms)
			SetupLoadedEditorAssemblies (259ms)
				LogAssemblyErrors (0ms)
				InitializePlatformSupportModulesInManaged (4ms)
				SetLoadedEditorAssemblies (0ms)
				RefreshPlugins (1ms)
				BeforeProcessingInitializeOnLoad (74ms)
				ProcessInitializeOnLoadAttributes (165ms)
				ProcessInitializeOnLoadMethodAttributes (9ms)
				AfterProcessingInitializeOnLoad (5ms)
				EditorAssembliesLoaded (0ms)
			ExecutionOrderSort2 (0ms)
			AwakeInstancesAfterBackupRestoration (10ms)
Platform modules already initialized, skipping
Refreshing native plugins compatible for Editor in 0.49 ms, found 3 plugins.
Preloading 0 native plugins for Editor in 0.00 ms.
Unloading 2252 Unused Serialized files (Serialized files now loaded: 0)
System memory in use before: 104.1 MB.
System memory in use after: 104.2 MB.

Unloading 20 unused Assets to reduce memory usage. Loaded Objects now: 2757.
Total: 3.009300 ms (FindLiveObjects: 0.171600 ms CreateObjectMapping: 0.085500 ms MarkObjects: 2.596100 ms  DeleteObjects: 0.155500 ms)

AssetImportParameters requested are different than current active one (requested -> active):
  custom:framework-win-MediaFoundation: 216162199b28c13a410421893ffa2e32 -> 
  custom:video-decoder-ogg-theora: a1e56fd34408186e4bbccfd4996cb3dc -> 
  custom:container-muxer-webm: aa71ff27fc2769a1b78a27578f13a17b -> 
  custom:container-demuxer-webm: 4f35f7cbe854078d1ac9338744f61a02 -> 
  custom:container-demuxer-ogg: 62fdf1f143b41e24485cea50d1cbac27 -> 
  custom:video-encoder-webm-vp8: eb34c28f22e8b96e1ab97ce403110664 -> 
  custom:video-decoder-webm-vp8: 9c59270c3fd7afecdb556c50c9e8de78 -> 
  custom:audio-decoder-ogg-vorbis: bf7c407c2cedff20999df2af8eb42d56 -> 
  custom:audio-encoder-webm-vorbis: bf7c407c2cedff20999df2af8eb42d56 -> 
========================================================================
Received Import Request.
  Time since last request: 187.015178 seconds.
  path: Assets/2-Kelime/Scenes/sahne_kelime.unity
  artifactKey: Guid(44d38088ccd1f6644a262b893daed5b9) Importer(815301076,1909f56bfc062723c751e8b465ee728b)
Start importing Assets/2-Kelime/Scenes/sahne_kelime.unity using Guid(44d38088ccd1f6644a262b893daed5b9) Importer(815301076,1909f56bfc062723c751e8b465ee728b)  -> (artifact id: 'c3f58252f217391e9778e7edd255af5b') in 0.016011 seconds 
========================================================================
Received Prepare
Registering precompiled user dll's ...
Registered in 0.002831 seconds.
Begin MonoManager ReloadAssembly
Native extension for WindowsStandalone target not found
Refreshing native plugins compatible for Editor in 0.54 ms, found 3 plugins.
Preloading 0 native plugins for Editor in 0.00 ms.
Mono: successfully reloaded assembly
- Completed reload, in  0.903 seconds
Domain Reload Profiling:
	ReloadAssembly (903ms)
		BeginReloadAssembly (102ms)
			ExecutionOrderSort (0ms)
			DisableScriptedObjects (6ms)
			BackupInstance (0ms)
			ReleaseScriptingObjects (0ms)
			CreateAndSetChildDomain (29ms)
		EndReloadAssembly (748ms)
			LoadAssemblies (84ms)
			RebuildTransferFunctionScriptingTraits (0ms)
			SetupTypeCache (263ms)
			ReleaseScriptCaches (1ms)
			RebuildScriptCaches (38ms)
			SetupLoadedEditorAssemblies (274ms)
				LogAssemblyErrors (0ms)
				InitializePlatformSupportModulesInManaged (4ms)
				SetLoadedEditorAssemblies (0ms)
				RefreshPlugins (1ms)
				BeforeProcessingInitializeOnLoad (76ms)
				ProcessInitializeOnLoadAttributes (176ms)
				ProcessInitializeOnLoadMethodAttributes (10ms)
				AfterProcessingInitializeOnLoad (6ms)
				EditorAssembliesLoaded (0ms)
			ExecutionOrderSort2 (0ms)
			AwakeInstancesAfterBackupRestoration (8ms)
Platform modules already initialized, skipping
Refreshing native plugins compatible for Editor in 0.50 ms, found 3 plugins.
Preloading 0 native plugins for Editor in 0.00 ms.
Unloading 2252 Unused Serialized files (Serialized files now loaded: 0)
System memory in use before: 104.2 MB.
System memory in use after: 104.3 MB.

Unloading 20 unused Assets to reduce memory usage. Loaded Objects now: 2759.
Total: 2.954000 ms (FindLiveObjects: 0.167500 ms CreateObjectMapping: 0.083300 ms MarkObjects: 2.598900 ms  DeleteObjects: 0.103700 ms)

AssetImportParameters requested are different than current active one (requested -> active):
  custom:framework-win-MediaFoundation: 216162199b28c13a410421893ffa2e32 -> 
  custom:video-decoder-ogg-theora: a1e56fd34408186e4bbccfd4996cb3dc -> 
  custom:container-muxer-webm: aa71ff27fc2769a1b78a27578f13a17b -> 
  custom:container-demuxer-webm: 4f35f7cbe854078d1ac9338744f61a02 -> 
  custom:container-demuxer-ogg: 62fdf1f143b41e24485cea50d1cbac27 -> 
  custom:video-encoder-webm-vp8: eb34c28f22e8b96e1ab97ce403110664 -> 
  custom:video-decoder-webm-vp8: 9c59270c3fd7afecdb556c50c9e8de78 -> 
  custom:audio-decoder-ogg-vorbis: bf7c407c2cedff20999df2af8eb42d56 -> 
  custom:audio-encoder-webm-vorbis: bf7c407c2cedff20999df2af8eb42d56 -> 
========================================================================
Received Import Request.
  Time since last request: 26.455218 seconds.
  path: Assets/ANAMENU.unity
  artifactKey: Guid(5a101c7ac15668543a7acb8e3c58b64c) Importer(815301076,1909f56bfc062723c751e8b465ee728b)
Start importing Assets/ANAMENU.unity using Guid(5a101c7ac15668543a7acb8e3c58b64c) Importer(815301076,1909f56bfc062723c751e8b465ee728b)  -> (artifact id: 'ee0a71861e048c9aec4daf2483732ea0') in 0.013107 seconds 
========================================================================
Received Import Request.
  Time since last request: 23.807723 seconds.
  path: Assets/6-eşleme/Scriptes/hareket.cs
  artifactKey: Guid(3edc23f70ea1061438cc311149a7aa8a) Importer(815301076,1909f56bfc062723c751e8b465ee728b)
Start importing Assets/6-eşleme/Scriptes/hareket.cs using Guid(3edc23f70ea1061438cc311149a7aa8a) Importer(815301076,1909f56bfc062723c751e8b465ee728b)  -> (artifact id: '5eb98c8e90a0474a62787e1075aab90f') in 0.002224 seconds 
========================================================================
Received Prepare
Registering precompiled user dll's ...
Registered in 0.002786 seconds.
Begin MonoManager ReloadAssembly
Native extension for WindowsStandalone target not found
Refreshing native plugins compatible for Editor in 0.49 ms, found 3 plugins.
Preloading 0 native plugins for Editor in 0.00 ms.
Mono: successfully reloaded assembly
- Completed reload, in  0.921 seconds
Domain Reload Profiling:
	ReloadAssembly (921ms)
		BeginReloadAssembly (105ms)
			ExecutionOrderSort (0ms)
			DisableScriptedObjects (6ms)
			BackupInstance (0ms)
			ReleaseScriptingObjects (0ms)
			CreateAndSetChildDomain (31ms)
		EndReloadAssembly (759ms)
			LoadAssemblies (88ms)
			RebuildTransferFunctionScriptingTraits (0ms)
			SetupTypeCache (261ms)
			ReleaseScriptCaches (1ms)
			RebuildScriptCaches (40ms)
			SetupLoadedEditorAssemblies (283ms)
				LogAssemblyErrors (0ms)
				InitializePlatformSupportModulesInManaged (4ms)
				SetLoadedEditorAssemblies (0ms)
				RefreshPlugins (1ms)
				BeforeProcessingInitializeOnLoad (79ms)
				ProcessInitializeOnLoadAttributes (182ms)
				ProcessInitializeOnLoadMethodAttributes (11ms)
				AfterProcessingInitializeOnLoad (6ms)
				EditorAssembliesLoaded (0ms)
			ExecutionOrderSort2 (0ms)
			AwakeInstancesAfterBackupRestoration (8ms)
Platform modules already initialized, skipping
Refreshing native plugins compatible for Editor in 0.54 ms, found 3 plugins.
Preloading 0 native plugins for Editor in 0.00 ms.
Unloading 2252 Unused Serialized files (Serialized files now loaded: 0)
System memory in use before: 104.2 MB.
System memory in use after: 104.3 MB.

Unloading 20 unused Assets to reduce memory usage. Loaded Objects now: 2761.
Total: 3.243900 ms (FindLiveObjects: 0.179400 ms CreateObjectMapping: 0.092200 ms MarkObjects: 2.855100 ms  DeleteObjects: 0.116500 ms)

AssetImportParameters requested are different than current active one (requested -> active):
  custom:framework-win-MediaFoundation: 216162199b28c13a410421893ffa2e32 -> 
  custom:video-decoder-ogg-theora: a1e56fd34408186e4bbccfd4996cb3dc -> 
  custom:container-muxer-webm: aa71ff27fc2769a1b78a27578f13a17b -> 
  custom:container-demuxer-webm: 4f35f7cbe854078d1ac9338744f61a02 -> 
  custom:container-demuxer-ogg: 62fdf1f143b41e24485cea50d1cbac27 -> 
  custom:video-encoder-webm-vp8: eb34c28f22e8b96e1ab97ce403110664 -> 
  custom:video-decoder-webm-vp8: 9c59270c3fd7afecdb556c50c9e8de78 -> 
  custom:audio-decoder-ogg-vorbis: bf7c407c2cedff20999df2af8eb42d56 -> 
  custom:audio-encoder-webm-vorbis: bf7c407c2cedff20999df2af8eb42d56 -> 
========================================================================
Received Import Request.
  Time since last request: 617.496157 seconds.
  path: Assets/6-eşleme/Scriptes/hareket.cs
  artifactKey: Guid(3edc23f70ea1061438cc311149a7aa8a) Importer(815301076,1909f56bfc062723c751e8b465ee728b)
Start importing Assets/6-eşleme/Scriptes/hareket.cs using Guid(3edc23f70ea1061438cc311149a7aa8a) Importer(815301076,1909f56bfc062723c751e8b465ee728b)  -> (artifact id: '697d55e8471e5cb68bb81172caec69d6') in 0.006650 seconds 
========================================================================
Received Prepare
Registering precompiled user dll's ...
Registered in 0.002946 seconds.
Begin MonoManager ReloadAssembly
Native extension for WindowsStandalone target not found
Refreshing native plugins compatible for Editor in 0.49 ms, found 3 plugins.
Preloading 0 native plugins for Editor in 0.00 ms.
Mono: successfully reloaded assembly
- Completed reload, in  0.904 seconds
Domain Reload Profiling:
	ReloadAssembly (904ms)
		BeginReloadAssembly (101ms)
			ExecutionOrderSort (0ms)
			DisableScriptedObjects (5ms)
			BackupInstance (0ms)
			ReleaseScriptingObjects (0ms)
			CreateAndSetChildDomain (30ms)
		EndReloadAssembly (749ms)
			LoadAssemblies (83ms)
			RebuildTransferFunctionScriptingTraits (0ms)
			SetupTypeCache (267ms)
			ReleaseScriptCaches (1ms)
			RebuildScriptCaches (39ms)
			SetupLoadedEditorAssemblies (272ms)
				LogAssemblyErrors (0ms)
				InitializePlatformSupportModulesInManaged (4ms)
				SetLoadedEditorAssemblies (0ms)
				RefreshPlugins (1ms)
				BeforeProcessingInitializeOnLoad (77ms)
				ProcessInitializeOnLoadAttributes (174ms)
				ProcessInitializeOnLoadMethodAttributes (10ms)
				AfterProcessingInitializeOnLoad (6ms)
				EditorAssembliesLoaded (0ms)
			ExecutionOrderSort2 (0ms)
			AwakeInstancesAfterBackupRestoration (8ms)
Platform modules already initialized, skipping
Refreshing native plugins compatible for Editor in 0.50 ms, found 3 plugins.
Preloading 0 native plugins for Editor in 0.00 ms.
Unloading 2252 Unused Serialized files (Serialized files now loaded: 0)
System memory in use before: 104.2 MB.
System memory in use after: 104.3 MB.

Unloading 20 unused Assets to reduce memory usage. Loaded Objects now: 2763.
Total: 2.993400 ms (FindLiveObjects: 0.190500 ms CreateObjectMapping: 0.095600 ms MarkObjects: 2.588000 ms  DeleteObjects: 0.118600 ms)

AssetImportParameters requested are different than current active one (requested -> active):
  custom:framework-win-MediaFoundation: 216162199b28c13a410421893ffa2e32 -> 
  custom:video-decoder-ogg-theora: a1e56fd34408186e4bbccfd4996cb3dc -> 
  custom:container-muxer-webm: aa71ff27fc2769a1b78a27578f13a17b -> 
  custom:container-demuxer-webm: 4f35f7cbe854078d1ac9338744f61a02 -> 
  custom:container-demuxer-ogg: 62fdf1f143b41e24485cea50d1cbac27 -> 
  custom:video-encoder-webm-vp8: eb34c28f22e8b96e1ab97ce403110664 -> 
  custom:video-decoder-webm-vp8: 9c59270c3fd7afecdb556c50c9e8de78 -> 
  custom:audio-decoder-ogg-vorbis: bf7c407c2cedff20999df2af8eb42d56 -> 
  custom:audio-encoder-webm-vorbis: bf7c407c2cedff20999df2af8eb42d56 -> 
========================================================================
Received Import Request.
  Time since last request: 384.576087 seconds.
  path: Assets/2-Kelime/Scripts level1/SahneGecis1.cs
  artifactKey: Guid(f51592a5debf43a4ab4293f739b8b7bc) Importer(815301076,1909f56bfc062723c751e8b465ee728b)
Start importing Assets/2-Kelime/Scripts level1/SahneGecis1.cs using Guid(f51592a5debf43a4ab4293f739b8b7bc) Importer(815301076,1909f56bfc062723c751e8b465ee728b)  -> (artifact id: '7817efae1bd5e6990e4dba0f0c74f60f') in 0.007999 seconds 
========================================================================
Received Import Request.
  Time since last request: 0.297047 seconds.
  path: Assets/2-Kelime/Scripts level1/GameControl1.cs
  artifactKey: Guid(7deabf554080c0b478c5695100d7ed05) Importer(815301076,1909f56bfc062723c751e8b465ee728b)
Start importing Assets/2-Kelime/Scripts level1/GameControl1.cs using Guid(7deabf554080c0b478c5695100d7ed05) Importer(815301076,1909f56bfc062723c751e8b465ee728b)  -> (artifact id: '79dbfb94965cd6740d1b0ee26db57d39') in 0.001498 seconds 
========================================================================
Received Import Request.
  Time since last request: 47.628796 seconds.
  path: Assets/2-Kelime/Scripts level1/ButonTıklama1.cs
  artifactKey: Guid(9d1a05665fab57743b4eaee7c43f595b) Importer(815301076,1909f56bfc062723c751e8b465ee728b)
Start importing Assets/2-Kelime/Scripts level1/ButonTıklama1.cs using Guid(9d1a05665fab57743b4eaee7c43f595b) Importer(815301076,1909f56bfc062723c751e8b465ee728b)  -> (artifact id: '885db7679e2af990ce8d443287ed2d6d') in 0.001590 seconds 
========================================================================
Received Import Request.
  Time since last request: 18.277253 seconds.
  path: Assets/2-Kelime/Scripts level1/Button1.cs
  artifactKey: Guid(89818c97991d6204d85cf3eb97cb6277) Importer(815301076,1909f56bfc062723c751e8b465ee728b)
Start importing Assets/2-Kelime/Scripts level1/Button1.cs using Guid(89818c97991d6204d85cf3eb97cb6277) Importer(815301076,1909f56bfc062723c751e8b465ee728b)  -> (artifact id: 'cccb2a13fa1ef11e6f366aa2f6af6b05') in 0.001616 seconds 
AssetImportWorkerClient::OnTransportError - code=2 error=End of file
